<?xml version="1.0" encoding="UTF-8"?>
<testsuite xmlns:xsi="http://www.w3.org/2001/XMLSchema-instance" xsi:noNamespaceSchemaLocation="https://maven.apache.org/surefire/maven-surefire-plugin/xsd/surefire-test-report-3.0.xsd" version="3.0" name="TestSuite" time="38.495" tests="6" errors="0" skipped="0" failures="0">
  <properties>
[...]
</properties>
  <testcase name="runScenario[&quot;Verify that user can search with multiple keywords&quot;, &quot;Search a product feature&quot;](2)" classname="runners.TestRunner" time="34.608">
    <system-out><![CDATA[
Scenario: verify that user can search with incorrect input                               # src/test/resources/features/search.feature:10

Scenario: Verify that user can search with multiple keywords                                             # src/test/resources/features/search.feature:21

Scenario Outline: verify that user can search with different products       # src/test/resources/features/search.feature:33

Scenario Outline: verify that user can search with different products          # src/test/resources/features/search.feature:32

Scenario: Verify that user can  search with special characters                                                                             # src/test/resources/features/search.feature:16

Scenario: verify that the user can be visible to searchbar                                                   # src/test/resources/features/search.feature:4
  Given The user is on the Flipkart website and it visible the searchbar.                                # Steps.StepDefinitions.theUserIsOnTheFlipkartWebsiteAndItVisibleTheSearchbar()
  Given The use is on the Flipkart website and the search bar is visible.                                    # Steps.StepDefinitions.theUseIsOnTheFlipkartWebsiteAndTheSearchBarIsVisible()
  Given The user is navigated to flipkart website                              # Steps.StepDefinitions.theUserIsNavigatedToFlipkartWebsite()
  Given The user is on the Flipkart website.                                             # Steps.StepDefinitions.theUserIsOnTheFlipkartWebsite()
  Given The user is navigated to flipkart website                           # Steps.StepDefinitions.theUserIsNavigatedToFlipkartWebsite()
  Given The user is on the Flipkart website and search bar is visible.                                                                     # Steps.StepDefinitions.theUserIsOnTheFlipkartWebsiteAndSearchBarIsVisible()
  When The user enters a valid product name in the search bar and hits enter key.                            # Steps.StepDefinitions.the_user_enters_a_valid_product_name_in_the_search_bar_and_hits_enter_key()
  When The user enters an invalid product name in the search bar and hits the enter key. # Steps.StepDefinitions.the_user_enters_an_invalid_product_name_in_the_search_bar_and_hits_the_enter_key()
  When The user enters multiple keywords in the search bar, separated by space, and hits the enter key.  # Steps.StepDefinitions.the_user_enters_multiple_keywords_in_the_search_bar_separated_by_space_and_hits_the_enter_key()
  When the user enters "wall shelves" in the search bar                     # Steps.StepDefinitions.theUserEntersInTheSearchBar(java.lang.String)
  When The user enters a product name with special characters in the search bar and hits the enter key.                                    # Steps.StepDefinitions.the_user_enters_a_product_name_with_special_characters_in_the_search_bar_and_hits_the_enter_key()
  When the user enters "samsung mobiles" in the search bar                     # Steps.StepDefinitions.theUserEntersInTheSearchBar(java.lang.String)
Sorry, no results found!
  Then The search results page should display all the relevant products related to the entered product name, including special characters. # Steps.StepDefinitions.the_search_results_page_should_display_all_the_relevant_products_related_to_the_entered_product_name_including_special_characters()
saaaaree
  Then The search results page should display all relevant products.                     # Steps.StepDefinitions.the_search_results_page_should_display_all_relevant_products()
samsung mobiles
  Then the search bar should display all the related results "samsung mobiles" # Steps.StepDefinitions.theSearchBarShouldDisplayAllTheRelatedResults(java.lang.String)
mobiles
  Then the search results page should display all the relevant products related to the entered product name. # Steps.StepDefinitions.the_search_results_page_should_display_all_the_relevant_products_related_to_the_entered_product_name()
wall shelves
  Then the search bar should display all the related results "wall shelves" # Steps.StepDefinitions.theSearchBarShouldDisplayAllTheRelatedResults(java.lang.String)
cloth stand
  Then The search results page should display all the relevant products related to the entered keywords. # Steps.StepDefinitions.the_search_results_page_should_display_all_the_relevant_products_related_to_the_entered_keywords()
]]></system-out>
    <system-err><![CDATA[SLF4J: No SLF4J providers were found.
SLF4J: Defaulting to no-operation (NOP) logger implementation
SLF4J: See https://www.slf4j.org/codes.html#noProviders for further details.
Starting ChromeDriver 110.0.5481.77 (65ed616c6e8ee3fe0ad64fe83796c020644d42af-refs/branch-heads/5481@{#839}) on port 45949
Only local connections are allowed.
Please see https://chromedriver.chromium.org/security-considerations for suggestions on keeping ChromeDriver safe.
Starting ChromeDriver 110.0.5481.77 (65ed616c6e8ee3fe0ad64fe83796c020644d42af-refs/branch-heads/5481@{#839}) on port 49883
Only local connections are allowed.
Please see https://chromedriver.chromium.org/security-considerations for suggestions on keeping ChromeDriver safe.
Starting ChromeDriver 110.0.5481.77 (65ed616c6e8ee3fe0ad64fe83796c020644d42af-refs/branch-heads/5481@{#839}) on port 8906
Only local connections are allowed.
Please see https://chromedriver.chromium.org/security-considerations for suggestions on keeping ChromeDriver safeS.tarting ChromeDriver 110.0.5481.77 (65ed616c6e8ee3fe0ad64fe83796c020644d42af-refs/branch-head
s/5481@{#839}) on port 37569
Only local connections are allowed.
Please see https://chromedriver.chromium.org/security-considerations for suggestions on keeping ChromeDriver safe.
ChromeDriver was started successfully.
ChromeDriver was started successfully.
Starting ChromeDriver 110.0.5481.77 (65ed616c6e8ee3fe0ad64fe83796c020644d42af-refs/branch-heads/5481@{#839}) on port 22479
Only local connections are allowed.
Please see https://chromedriver.chromium.org/security-considerations for suggestions on keeping ChromeDriver safe.
ChromeDriver was started successfully.
Starting ChromeDriver 110.0.5481.77 (65ed616c6e8ee3fe0ad64fe83796c020644d42af-refs/branch-heads/5481@{#839}) on port 14826
Only local connections are allowed.
Please see https://chromedriver.chromium.org/security-considerations for suggestions on keeping ChromeDriver safe.
ChromeDriver was started successfully.
ChromeDriver was started successfully.
ChromeDriver was started successfully.
[1677470433.947][WARNING]: virtual void DevToolsClientImpl::AddListener(DevToolsEventListener *) subscribing a listener to the already connected DevToolsClient. Connection notification will not arrive.
[1677470433.960][WARNING]: virtual void DevToolsClientImpl::AddListener(DevToolsEventListener *) subscribing a listener to the already connected DevToolsClient. Connection notification will not arrive.
[1677470434.313][WARNING]: virtual void DevToolsClientImpl::AddListener(DevToolsEventListener *) subscribing a listener to the already connected DevToolsClient. Connection notification will not arrive.
[1677470434.416][WARNING]: virtual void DevToolsClientImpl::AddListener(DevToolsEventListener *) subscribing a listener to the already connected DevToolsClient. Connection notification will not arrive.
[1677470434.477][WARNING]: virtual void DevToolsClientImpl::AddListener(DevToolsEventListener *) subscribing a listener to the already connected DevToolsClient. Connection notification will not arrive.
[1677470434.766][WARNING]: virtual void DevToolsClientImpl::AddListener(DevToolsEventListener *) subscribing a listener to the already connected DevToolsClient. Connection notification will not arrive.
Feb 27, 2023 9:30:34 AM org.openqa.selenium.remote.ProtocolHandshake createSession
INFO: Detected dialect: W3C
Feb 27, 2023 9:30:34 AM org.openqa.selenium.remote.ProtocolHandshake createSession
INFO: Detected dialect: W3C
Feb 27, 2023 9:30:35 AM org.openqa.selenium.remote.ProtocolHandshake createSession
INFO: Detected dialect: W3C
Feb 27, 2023 9:30:35 AM org.openqa.selenium.remote.ProtocolHandshake createSession
INFO: Detected dialect: W3C
Feb 27, 2023 9:30:35 AM org.openqa.selenium.remote.ProtocolHandshake createSession
INFO: Detected dialect: W3C
Feb 27, 2023 9:30:35 AM org.openqa.selenium.remote.ProtocolHandshake createSession
INFO: Detected dialect: W3C
ERROR StatusLogger Log4j2 could not find a logging implementation. Please add log4j-core to the classpath. Using SimpleLogger to log to the console...
]]></system-err>
  </testcase>
  <testcase name="runScenario[&quot;verify that the user can be visible to searchbar&quot;, &quot;Search a product feature&quot;](2)" classname="runners.TestRunner" time="34.626"/>
  <testcase name="runScenario[&quot;verify that user can search with incorrect input&quot;, &quot;Search a product feature&quot;](4)" classname="runners.TestRunner" time="34.627"/>
  <testcase name="runScenario[&quot;verify that user can search with different products&quot;, &quot;Search a product feature&quot;](4)" classname="runners.TestRunner" time="34.627"/>
  <testcase name="runScenario[&quot;verify that user can search with different products&quot;, &quot;Search a product feature&quot;](5)" classname="runners.TestRunner" time="34.627"/>
  <testcase name="runScenario[&quot;Verify that user can  search with special characters&quot;, &quot;Search a product feature&quot;](6)" classname="runners.TestRunner" time="34.66"/>
</testsuite>